FORMATVERSION 1.0
REM 
REM Record extraction utility: Reference split history
REM Thursday, 06 Oct 2011, 11:33 am
REM 
REM <RAG> <AnnualId> <Name>
REM <RAH> <Year> <Pool> <LowYearMonth> <HighYearMonth>
REM 
RAG 001 "Default split history"
REM 
RAG 002 "MM MIL"
RAH 2009 0 0602 0831
RAH 2010 0 0531 0829
RAH 2011 0 0530 0828
RAH 2009 1 0901 1031
RAH 2010 1 0830 1031
RAH 2011 1 0829 1030
RAH 2009 2 1101 1231
RAH 2009 2 0101 0131
RAH 2010 2 1101 1231
RAH 2010 2 0101 0131
RAH 2011 2 1031 1231
RAH 2011 2 0101 0130
RAH 2009 3 0201 0331
RAH 2010 3 0201 0328
RAH 2011 3 0131 0327
RAH 2009 4 0401 0531
RAH 2010 4 0329 0530
RAH 2011 4 0328 0529
RAH 2009 5 1101 1130
RAH 2010 5 1101 1128
RAH 2011 5 1031 1127
REM 
RAG 003 "KL BRU"
RAH 2009 0 0414 0430
RAH 2009 0 0504 0520
RAH 2009 0 0525 0628
RAH 2009 0 0901 1218
RAH 2010 0 0111 0326
RAH 2010 0 0412 0512
RAH 2010 0 0517 0624
RAH 2010 0 0830 1203
RAH 2011 0 0110 0325
RAH 2011 0 0411 0511
RAH 2011 0 0516 0623
RAH 2011 0 0829 1202
RAH 2012 0 0109 0323
RAH 2012 0 0409 0509
RAH 2012 0 0514 0621
RAH 2012 0 0827 1130
RAH 2009 1 0619 0831
RAH 2009 1 1219 1231
RAH 2009 1 0501 0503
RAH 2009 1 0521 0524
RAH 2009 1 0329 0413
RAH 2010 1 0101 0110
RAH 2010 1 0327 0411
RAH 2010 1 0513 0516
RAH 2010 1 0525 0829
RAH 2011 1 0101 0109
RAH 2011 1 0326 0410
RAH 2011 1 0512 0515
RAH 2011 1 0524 0828
RAH 2012 1 0101 0108
RAH 2012 1 0324 0408
RAH 2012 1 0510 0513
RAH 2012 1 0522 0826
REM 
RAG 004 "JJ CPH"
RAH 2009 0 0101 0106
RAH 2009 0 1219 1231
RAH 2009 0 0409 0413
RAH 2009 0 0430 0503
RAH 2009 0 0521 0524
RAH 2009 0 0619 0809
RAH 2010 0 0624 0815
RAH 2010 0 0101 0110
RAH 2010 0 0401 0405
RAH 2010 0 0513 0516
RAH 2010 0 1206 1206
RAH 2010 0 0430 0430
RAH 2011 0 0101 0109
RAH 2011 0 0421 0425
RAH 2011 0 0601 0605
RAH 2011 0 0623 0814
RAH 2011 0 0613 0613
RAH 2012 0 0101 0108
RAH 2012 0 0405 0409
RAH 2012 0 0428 0501
RAH 2012 0 0516 0520
RAH 2009 1 0525 0618
RAH 2009 1 0810 1031
RAH 2009 1 0504 0520
RAH 2010 1 0816 1031
RAH 2010 1 0503 0512
RAH 2010 1 0517 0624
RAH 2011 1 0501 0531
RAH 2011 1 0606 0612
RAH 2011 1 0815 1031
RAH 2011 1 0614 0622
RAH 2012 1 0502 0515
RAH 2012 1 0521 0620
RAH 2012 1 0813 1031
RAH 2009 2 1101 1218
RAH 2010 2 1101 1217
RAH 2011 2 1101 1220
RAH 2012 2 1101 1221
RAH 2009 3 0201 0409
RAH 2009 3 0414 0429
RAH 2010 3 0107 0331
RAH 2010 3 0406 0430
RAH 2011 3 0110 0420
RAH 2011 3 0426 0430
RAH 2012 3 0109 0404
RAH 2012 3 0410 0427
REM 
RAG 005 "MM VCE / FLR / PSA"
RAH 2009 0 0601 0731
RAH 2010 0 0531 0801
RAH 2011 0 0530 0731
RAH 2009 1 0331 0531
RAH 2010 1 0329 0530
RAH 2011 1 0328 0529
RAH 2009 2 0801 1031
RAH 2010 2 0802 1031
RAH 2011 2 0801 1031
REM 
RAG 006 "SM TLL summer & Xmas"
RAH 2009 0 0501 0831
RAH 2010 0 0501 0831
RAH 2011 0 0501 0831
RAH 2009 1 0101 0111
RAH 2009 1 1218 1231
RAH 2010 1 0101 0110
RAH 2010 1 1223 1231
RAH 2011 1 0101 0109
RAH 2011 1 1223 1231
REM 
RAG 007 "JJ ARN"
RAH 2009 0 0810 1218
RAH 2010 0 0111 0331
RAH 2010 0 0816 1205
RAH 2010 0 1207 1217
RAH 2010 0 0407 0429
RAH 2011 0 0110 0331
RAH 2011 0 0401 0420
RAH 2011 0 0426 0531
RAH 2011 0 0607 0622
RAH 2011 0 0815 1216
RAH 2012 0 0109 0331
RAH 2012 0 0401 0404
RAH 2012 0 0409 0429
RAH 2012 0 0402 0515
RAH 2012 0 0521 0621
RAH 2012 0 0813 1204
RAH 2012 0 1210 1221
RAH 2009 2 0101 0106
RAH 2009 2 1219 1231
RAH 2009 2 0410 0413
RAH 2009 2 0430 0503
RAH 2009 2 0521 0524
RAH 2009 2 0629 0809
RAH 2010 2 0401 0406
RAH 2010 2 0430 0502
RAH 2010 2 0513 0516
RAH 2010 2 1220 1231
RAH 2010 2 1206 1206
RAH 2010 2 0101 0110
RAH 2010 2 0628 0815
RAH 2011 2 0421 0425
RAH 2011 2 0601 0606
RAH 2011 2 0623 0807
RAH 2011 2 0101 0109
RAH 2012 2 0101 0108
RAH 2012 2 0405 0409
RAH 2012 2 0430 0501
RAH 2012 2 0516 0520
RAH 2012 2 0622 0812
RAH 2012 2 1205 1209
REM 
RAG 008 "AT NRT PEAK/OFF-PEAK"
RAH 2008 0 0602 0727
RAH 2008 0 0929 1102
RAH 2009 0 0601 0726
RAH 2009 0 0928 1101
RAH 2010 0 0531 0725
RAH 2010 0 0927 1031
RAH 2011 0 0530 0724
RAH 2011 0 0926 1030
RAH 2008 1 0728 0928
RAH 2008 1 0426 0505
RAH 2009 1 0727 0927
RAH 2009 1 0424 0505
RAH 2010 1 0726 0926
RAH 2010 1 0423 0505
RAH 2011 1 0725 0925
RAH 2011 1 0422 0504
RAH 2008 2 0101 0113
RAH 2008 2 1103 1231
RAH 2009 2 0101 0117
RAH 2009 2 1102 1231
RAH 2010 2 0101 0117
RAH 2010 2 1101 1231
RAH 2011 2 0101 0117
RAH 2011 2 1031 1231
RAH 2008 5 0114 0302
RAH 2009 5 0118 0301
RAH 2010 5 0118 0228
RAH 2011 5 0118 0227
REM 
RAG 009 "MN PEK/SHA"
RAH 2008 0 0901 1115
RAH 2009 0 0901 1115
RAH 2010 0 0901 1115
RAH 2011 0 0901 1115
RAH 2012 0 0901 1115
RAH 2008 1 0701 0831
RAH 2009 1 0701 0831
RAH 2010 1 0701 0831
RAH 2011 1 0701 0831
RAH 2012 1 0701 0831
RAH 2008 4 0301 0630
RAH 2009 4 0301 0630
RAH 2010 4 0301 0630
RAH 2011 4 0301 0630
RAH 2012 4 0301 0630
RAH 2008 5 1116 0228
RAH 2009 5 1116 1231
RAH 2009 5 0101 0228
RAH 2010 5 1116 1231
RAH 2010 5 0101 0228
RAH 2011 5 1116 1231
RAH 2011 5 0101 0228
RAH 2012 5 1116 1231
RAH 2012 5 0101 0228
REM 
RAG 010 "SSJ Bud"
RAH 2009 0 0301 1024
RAH 2010 0 0426 1022
RAH 2011 0 0301 1021
RAH 2012 0 0301 1026
RAH 2010 4 0416 0425
RAH 2009 5 0101 0228
RAH 2009 5 1025 1231
RAH 2010 5 0101 0228
RAH 2010 5 1023 1231
RAH 2011 5 0101 0228
RAH 2011 5 1022 1231
RAH 2012 5 0101 0229
RAH 2012 5 1027 1231
RAH 2013 5 0101 0228
REM 
RAG 011 "KL SEL"
RAH 2009 0 0701 1031
RAH 2010 0 0701 1031
RAH 2011 0 0701 1031
RAH 2012 0 0701 1031
RAH 2013 0 0701 1031
RAH 2009 1 0401 0630
RAH 2010 1 0401 0630
RAH 2011 1 0401 0630
RAH 2012 1 0401 0630
RAH 2013 1 0401 0630
RAH 2009 5 0101 0331
RAH 2009 5 1101 1231
RAH 2010 5 0101 0331
RAH 2010 5 1101 1231
RAH 2011 5 0101 0331
RAH 2011 5 1101 1231
RAH 2012 5 0101 0331
RAH 2012 5 1101 1231
RAH 2013 5 0101 0331
RAH 2013 5 1101 1231
REM 
RAG 012 "SSJ Prg"
RAH 2009 0 0301 1024
RAH 2010 0 0426 1022
RAH 2011 0 0301 1021
RAH 2012 0 0301 1026
RAH 2010 4 0416 0425
RAH 2009 5 0101 0228
RAH 2009 5 1025 1231
RAH 2010 5 0101 0228
RAH 2010 5 1023 1231
RAH 2011 5 0101 0228
RAH 2011 5 1022 1231
RAH 2012 5 0101 0229
RAH 2012 5 1027 1231
REM 
RAG 013 "SM IEV"
RAH 2008 0 0501 0930
RAH 2009 0 0501 0930
RAH 2010 0 0501 0930
RAH 2011 0 0501 0930
RAH 2012 0 0501 0930
RAH 2008 1 1001 1231
RAH 2009 1 1001 1231
RAH 2010 1 1001 1231
RAH 2008 5 0101 0430
RAH 2009 5 0101 0430
RAH 2010 5 0101 0430
REM 
RAG 014 "SM RIX,VNO summer & Xmast"
RAH 2009 0 0601 0831
RAH 2010 0 0601 0831
RAH 2011 0 0601 0831
RAH 2008 1 1219 1231
RAH 2009 1 0101 0111
RAH 2009 1 1218 1231
RAH 2010 1 0101 0110
RAH 2010 1 1223 1231
RAH 2011 1 0101 0109
RAH 2011 1 1223 1231
RAH 2012 1 0101 0108
RAH 2012 1 1223 1231
REM 
RAG 015 "MM ROM"
RAH 2009 0 0601 0831
RAH 2010 0 0531 0830
RAH 2011 0 0530 0828
RAH 2009 1 0301 0531
RAH 2009 1 0901 1031
RAH 2010 1 0228 0530
RAH 2010 1 0831 1030
RAH 2011 1 0228 0529
RAH 2011 1 0829 1030
RAH 2009 5 1101 1231
RAH 2009 5 0101 0228
RAH 2010 5 1031 1231
RAH 2010 5 0101 0227
RAH 2011 5 1031 1231
RAH 2011 5 0101 0227
REM 
RAG 016 "JJ OSL "
RAH 2009 0 0629 0809
RAH 2010 0 0625 0808
RAH 2011 0 0623 0814
RAH 2012 0 0621 0812
RAH 2009 1 0101 0106
RAH 2009 1 1219 1231
RAH 2009 1 0430 0503
RAH 2009 1 0521 0524
RAH 2009 1 0410 0413
RAH 2009 1 0619 0621
RAH 2010 1 0107 0106
RAH 2010 1 0402 0405
RAH 2010 1 0430 0502
RAH 2010 1 0513 0516
RAH 2011 1 0101 0109
RAH 2011 1 0421 0425
RAH 2011 1 0601 0605
RAH 2011 1 0613 0613
RAH 2012 1 0101 0108
RAH 2012 1 0405 0409
RAH 2012 1 0430 0501
RAH 2012 1 0516 0520
RAH 2012 1 1206 1209
REM 
RAG 017 "AK joe kuo"
RAH 2008 0 0101 0106
RAH 2008 0 0317 0330
RAH 2008 0 0501 0504
RAH 2008 0 0620 0630
RAH 2008 0 1222 1231
RAH 2008 0 0218 0224
RAH 2008 0 0303 0309
RAH 2008 0 0701 0810
RAH 2009 0 0101 0111
RAH 2009 0 0408 0413
RAH 2009 0 0501 0503
RAH 2009 0 0520 0524
RAH 2009 0 0619 0816
RAH 2009 0 1221 1231
RAH 2009 0 0213 0222
RAH 2009 0 0228 0308
RAH 2010 0 0101 0110
RAH 2010 0 0401 0406
RAH 2010 0 0512 0516
RAH 2010 0 0624 0815
RAH 2010 0 0219 0228
RAH 2010 0 0305 0314
RAH 2010 0 1222 1231
RAH 2010 0 1204 1206
RAH 2011 0 0101 0109
RAH 2011 0 0421 0425
RAH 2011 0 0601 0605
RAH 2011 0 1203 1206
RAH 2011 0 0623 0814
RAH 2011 0 0219 0227
RAH 2011 0 0305 0313
REM 
RAG 018 "ML HELBKK peak/off-peak "
RAH 2008 0 1212 1231
RAH 2008 0 0101 0112
RAH 2008 0 0214 0229
RAH 2009 0 1211 1231
RAH 2009 0 0101 0111
RAH 2009 0 0212 0228
RAH 2010 0 1210 1231
RAH 2010 0 0101 0110
RAH 2010 0 0218 0228
RAH 2011 0 1209 1231
RAH 2011 0 0101 0109
RAH 2011 0 0217 0228
RAH 2008 1 0623 0817
RAH 2008 1 0113 0213
RAH 2009 1 0622 0815
RAH 2009 1 0112 0211
RAH 2010 1 0625 0815
RAH 2010 1 0111 0217
RAH 2011 1 0626 0815
RAH 2011 1 0110 0216
RAH 2008 2 1014 1211
RAH 2008 2 0401 0430
RAH 2009 2 1015 1210
RAH 2009 2 0401 0430
RAH 2010 2 1016 1209
RAH 2010 2 0401 0430
RAH 2008 5 0501 0622
RAH 2008 5 0818 1013
RAH 2008 5 0301 0331
RAH 2009 5 0501 0621
RAH 2009 5 0816 1014
RAH 2009 5 0301 0331
RAH 2010 5 0501 0624
RAH 2010 5 0816 1015
RAH 2010 5 0301 0331
REM 
RAG 019 "ML BKKHEL peak/off-peak"
RAH 2008 0 0101 0331
RAH 2009 0 0101 0331
RAH 2010 0 0101 0331
RAH 2011 0 0101 0331
RAH 2008 1 0623 0824
RAH 2009 1 0622 0823
RAH 2010 1 0628 0822
RAH 2011 1 0627 0823
RAH 2008 2 0401 0430
RAH 2008 2 1117 1231
RAH 2009 2 0401 0430
RAH 2009 2 1116 1231
RAH 2010 2 0401 0430
RAH 2010 2 1115 1231
RAH 2011 2 0401 0430
RAH 2011 2 1115 1231
RAH 2008 5 0501 0622
RAH 2008 5 0825 1116
RAH 2009 5 0501 0621
RAH 2009 5 0824 1115
RAH 2010 5 0501 0627
RAH 2010 5 0823 1114
RAH 2011 5 0501 0626
RAH 2011 5 0824 1114
REM 
RAG 020 "MN SEL"
RAH 2008 0 0701 1031
RAH 2009 0 0701 1031
RAH 2010 0 0701 1031
RAH 2011 0 0701 1031
RAH 2008 1 0401 0630
RAH 2009 1 0401 0630
RAH 2010 1 0401 0630
RAH 2011 1 0401 0630
RAH 2008 5 1101 0331
RAH 2009 5 1101 0331
RAH 2010 5 1101 0331
RAH 2011 5 1101 0331
REM 
RAG 021 "SM OTP"
RAH 2009 0 0501 0930
RAH 2010 0 0501 0930
RAH 2011 0 0501 0930
RAH 2012 0 0501 0930
RAH 2009 1 1001 1231
RAH 2010 1 1001 1231
RAH 2009 5 0101 0430
RAH 2010 5 0101 0430
REM 
RAG 022 "KL SEL 41/D3 14JUN-30OCT"
RAH 2009 0 0101 1231
RAH 2010 0 0101 1231
RAH 2011 0 0614 1030
REM 
RAG 023 "SSJ Waw"
RAH 2009 0 0401 1024
RAH 2010 0 0426 1022
RAH 2011 0 0401 1021
RAH 2012 0 0401 1026
RAH 2010 4 0416 0425
RAH 2009 5 0101 0331
RAH 2009 5 1025 1231
RAH 2010 5 0101 0331
RAH 2010 5 1023 1231
RAH 2011 5 0101 0331
RAH 2011 5 1022 1231
RAH 2012 5 0101 0331
RAH 2012 5 1027 1231
REM 
RAG 024 "AT JPN peak/off-peak*NOT IN USE"
RAH 2008 0 0530 1031
RAH 2009 0 0601 1031
RAH 2008 1 0426 0505
RAH 2008 1 1201 1229
RAH 2008 1 0101 0106
RAH 2009 1 0425 0504
RAH 2009 1 1201 1231
RAH 2009 1 0101 0111
RAH 2010 1 0101 0110
RAH 2008 5 1101 1130
RAH 2008 5 1230 1231
RAH 2008 5 0107 0425
RAH 2008 5 0506 0529
RAH 2009 5 1101 1130
RAH 2009 5 0112 0424
RAH 2009 5 0505 0531
REM 
RAG 025 "TA SVX"
RAH 2010 0 0101 0110
RAH 2010 0 1227 1231
RAH 2011 0 0101 0109
RAH 2011 0 1227 1231
RAH 2009 1 0504 0510
RAH 2009 1 0629 0920
RAH 2009 1 1030 1110
RAH 2010 1 0111 0117
RAH 2010 1 0503 0509
RAH 2010 1 0628 0919
RAH 2010 1 1029 1109
RAH 2011 1 0110 0116
RAH 2011 1 0502 0508
RAH 2011 1 0627 0918
RAH 2011 1 1028 1108
RAH 2009 2 0323 0505
RAH 2009 2 0601 0621
RAH 2009 2 0921 1004
RAH 2009 2 1116 1129
RAH 2009 2 1214 1220
RAH 2010 2 0322 0504
RAH 2010 2 0531 0620
RAH 2010 2 0920 1003
RAH 2010 2 1115 1128
RAH 2010 2 1213 1219
RAH 2011 2 0321 0503
RAH 2011 2 0530 0619
RAH 2011 2 0919 1002
RAH 2011 2 1114 1127
RAH 2011 2 1212 1218
REM 
RAG 026 "MM MADRID"
RAH 2009 0 0629 1101
RAH 2010 0 0701 1031
RAH 2011 0 0701 1031
RAH 2009 1 0302 0628
RAH 2010 1 0401 0630
RAH 2011 1 0401 0630
RAH 2009 2 0101 0301
RAH 2009 2 1101 1227
RAH 2010 2 0101 0328
RAH 2010 2 1129 1228
RAH 2010 2 1101 1226
RAH 2011 2 0101 0331
RAH 2011 2 1101 1231
REM 
RAG 027 "JJ GOT"
RAH 2009 0 0629 0809
RAH 2010 0 0624 0815
RAH 2011 0 0623 0814
RAH 2012 0 0621 0812
RAH 2009 1 0101 0106
RAH 2009 1 1219 1231
RAH 2009 1 0430 0503
RAH 2009 1 0521 0524
RAH 2009 1 0410 0413
RAH 2009 1 0618 0621
RAH 2010 1 0101 0110
RAH 2010 1 1220 1231
RAH 2010 1 0401 0405
RAH 2010 1 0513 0516
RAH 2010 1 0430 0502
RAH 2010 1 1206 1206
RAH 2011 1 0101 0109
RAH 2011 1 0421 0425
RAH 2011 1 0601 0606
RAH 2012 1 0101 0108
RAH 2012 1 0405 0409
RAH 2012 1 0428 0501
RAH 2012 1 0516 0520
RAH 2012 1 1206 1209
RAH 2009 2 1019 1218
RAH 2010 2 0111 0328
RAH 2010 2 1022 1217
RAH 2011 2 0110 0331
RAH 2011 2 1024 1220
RAH 2012 2 0109 0331
RAH 2012 2 1022 1220
RAH 2009 3 0810 1018
REM 
RAG 028 "KL BRU 815/816_3661/3662"
RAH 2009 0 0101 1231
RAH 2010 0 0101 1231
RAH 2011 0 0101 1231
RAH 2012 0 0101 1231
REM 
RAG 029 "MM MALAGA "
RAH 2010 0 0301 0328
RAH 2010 0 0426 0801
RAH 2010 0 1027 1031
RAH 2011 0 0228 0327
RAH 2011 0 0425 0731
RAH 2011 0 1003 1030
RAH 2010 1 0329 0425
RAH 2010 1 0830 0926
RAH 2010 1 1129 1231
RAH 2011 1 0328 0424
RAH 2011 1 0829 0925
RAH 2011 1 1128 1231
RAH 2010 5 0101 0228
RAH 2010 5 0802 0829
RAH 2010 5 1101 1128
RAH 2011 5 0101 0227
RAH 2011 5 0801 0828
RAH 2011 5 1031 1127
REM 
RAG 030 "AK OUL copy"
RAH 2008 0 0101 0113
RAH 2008 0 0320 0324
RAH 2008 0 0501 0504
RAH 2008 0 1222 1231
RAH 2009 0 0101 0111
RAH 2009 0 0409 0413
RAH 2009 0 0430 0503
RAH 2009 0 0521 0524
RAH 2009 0 1214 1231
RAH 2010 0 0101 0110
RAH 2010 0 0401 0405
RAH 2010 0 0501 0502
RAH 2010 0 0512 0516
RAH 2010 0 1204 1206
RAH 2010 0 1222 1231
RAH 2011 0 0101 0109
RAH 2011 0 0421 0425
RAH 2011 0 0601 0605
RAH 2011 0 1203 1206
RAH 2011 0 1221 1231
RAH 2008 1 0701 0803
RAH 2009 1 0701 0731
RAH 2010 1 0701 0801
RAH 2011 1 0701 0807
RAH 2008 2 0218 0224
RAH 2008 2 0303 0309
RAH 2008 2 0623 0630
RAH 2008 2 0804 0810
RAH 2008 2 0811 0817
RAH 2009 2 0216 0222
RAH 2009 2 0302 0308
RAH 2009 2 0619 0628
RAH 2009 2 0803 0809
RAH 2009 2 0810 0816
RAH 2010 2 0222 0228
RAH 2010 2 0308 0314
RAH 2010 2 0625 0703
RAH 2010 2 0802 0808
RAH 2010 2 0809 0815
RAH 2011 2 0221 0227
RAH 2011 2 0307 0313
RAH 2011 2 0627 0630
RAH 2011 2 0808 0814
REM 
RAG 031 "ME Lon uusin"
RAH 2009 0 0401 0503
RAH 2010 0 0301 0502
RAH 2011 0 0301 0501
RAH 2012 0 0301 0501
RAH 2009 1 0504 0705
RAH 2010 1 0503 0704
RAH 2011 1 0502 0703
RAH 2012 1 0502 0701
RAH 2009 2 0706 0816
RAH 2009 2 1220 1231
RAH 2010 2 0705 0815
RAH 2010 2 0101 0110
RAH 2010 2 1219 1231
RAH 2011 2 0704 0814
RAH 2011 2 0101 0109
RAH 2011 2 1218 1231
RAH 2012 2 0101 0108
RAH 2012 2 0702 0812
RAH 2012 2 1216 1231
RAH 2009 3 0817 1002
RAH 2010 3 0816 1001
RAH 2011 3 0815 0930
RAH 2012 3 0813 0930
RAH 2009 4 1003 1219
RAH 2010 4 1002 1218
RAH 2011 4 1001 1217
RAH 2012 4 1001 1215
RAH 2010 5 0111 0228
RAH 2011 5 0110 0228
RAH 2012 5 0109 0229
REM 
RAG 032 "AK OUL "
RAH 2009 0 0101 0111
RAH 2009 0 0409 0413
RAH 2009 0 0430 0503
RAH 2009 0 0521 0524
RAH 2009 0 0701 0731
RAH 2010 0 0101 0110
RAH 2010 0 0401 0405
RAH 2010 0 0501 0502
RAH 2010 0 0512 0516
RAH 2010 0 1204 1206
RAH 2010 0 1222 1231
RAH 2010 0 0701 0801
RAH 2011 0 0101 0109
RAH 2011 0 0421 0425
RAH 2011 0 0601 0605
RAH 2011 0 1203 1206
RAH 2011 0 1221 1231
RAH 2011 0 0701 0807
RAH 2009 2 0216 0222
RAH 2009 2 0302 0308
RAH 2009 2 0619 0628
RAH 2009 2 0803 0809
RAH 2009 2 0810 0816
RAH 2010 2 0222 0228
RAH 2010 2 0308 0314
RAH 2010 2 0625 0703
RAH 2010 2 0802 0808
RAH 2010 2 0809 0815
RAH 2011 2 0221 0227
RAH 2011 2 0307 0313
RAH 2011 2 0627 0630
RAH 2011 2 0808 0814
REM 
RAG 033 "ME NCE KL"
RAH 2010 0 0401 0530
RAH 2010 0 0816 1020
RAH 2011 0 0401 0531
RAH 2011 0 0815 1021
RAH 2012 0 0330 0529
RAH 2012 0 0813 1019
RAH 2010 1 0531 0815
RAH 2011 1 0530 0814
RAH 2012 1 0528 0812
REM 
RAG 034 "MM LIS"
RAH 2009 0 0330 0802
RAH 2010 0 0329 0801
RAH 2011 0 0328 0731
RAH 2009 1 0803 1031
RAH 2010 1 0802 1031
RAH 2011 1 0801 1031
RAH 2009 2 0101 0331
RAH 2010 2 0101 0328
RAH 2011 2 0101 0327
RAH 2009 3 1101 1231
RAH 2010 3 1101 1231
RAH 2011 3 1101 1231
REM 
RAG 035 "TT BER"
RAH 2010 0 0901 1203
RAH 2010 0 1207 1222
RAH 2011 0 0530 0622
RAH 2011 0 0829 1030
RAH 2012 0 0604 0620
RAH 2012 0 0903 1104
RAH 2010 1 0301 0331
RAH 2010 1 0406 0512
RAH 2011 1 0228 0420
RAH 2011 1 0426 0529
RAH 2012 1 0305 0404
RAH 2012 1 0410 0426
RAH 2012 1 0502 0516
RAH 2012 1 0521 0603
RAH 2010 2 0111 0228
RAH 2011 2 0110 0227
RAH 2011 2 1031 1218
RAH 2012 2 0109 0304
RAH 2012 2 1105 1205
RAH 2012 2 1210 1220
REM 
RAG 036 "TV CH/AT"
RAH 2009 0 0618 0823
RAH 2010 0 0618 0822
RAH 2011 0 0617 0821
RAH 2012 0 0615 0819
RAH 2013 0 0614 0818
RAH 2009 1 0112 0212
RAH 2009 1 0223 0402
RAH 2009 1 0414 0429
RAH 2009 1 0504 0519
RAH 2009 1 0525 0617
RAH 2009 1 0824 1217
RAH 2010 1 0111 0218
RAH 2010 1 0301 0326
RAH 2010 1 0407 0428
RAH 2010 1 0504 0511
RAH 2010 1 0518 0617
RAH 2010 1 0823 1201
RAH 2010 1 1208 1215
RAH 2011 1 0110 0217
RAH 2011 1 0228 0325
RAH 2011 1 0406 0427
RAH 2011 1 0503 0510
RAH 2011 1 0517 0616
RAH 2011 1 0822 1130
RAH 2011 1 1208 1214
RAH 2012 1 0109 0216
RAH 2012 1 0227 0329
RAH 2012 1 0411 0426
RAH 2012 1 0503 0515
RAH 2012 1 0522 0615
RAH 2012 1 0820 1204
RAH 2012 1 1211 1212
RAH 2013 1 0107 0114
RAH 2013 1 0225 0321
RAH 2013 1 0403 0507
RAH 2013 1 0514 0614
RAH 2013 1 0819 1204
RAH 2013 1 1210 1219
RAH 2009 2 0101 0111
RAH 2009 2 0213 0222
RAH 2009 2 0403 0413
RAH 2009 2 0430 0503
RAH 2009 2 0520 0524
RAH 2009 2 1218 1231
RAH 2010 2 0101 0110
RAH 2010 2 0219 0228
RAH 2010 2 0327 0406
RAH 2010 2 0429 0503
RAH 2010 2 0512 0517
RAH 2010 2 1202 1207
RAH 2010 2 1216 1231
RAH 2011 2 0101 0109
RAH 2011 2 0218 0227
RAH 2011 2 0326 0405
RAH 2011 2 0428 0502
RAH 2011 2 0511 0516
RAH 2011 2 1201 1207
RAH 2011 2 1215 1230
RAH 2012 2 0101 0108
RAH 2012 2 0217 0226
RAH 2012 2 0330 0410
RAH 2012 2 0427 0502
RAH 2012 2 0516 0521
RAH 2012 2 1205 1210
RAH 2012 2 1213 1231
RAH 2013 2 0101 0106
RAH 2013 2 0215 0224
RAH 2013 2 0322 0402
RAH 2013 2 0508 0513
RAH 2013 2 1205 1209
RAH 2013 2 1219 1231
REM 
RAG 037 "RH VIE"
RAH 2009 0 0101 0111
RAH 2009 0 0601 0830
RAH 2009 0 0928 1025
RAH 2009 0 1201 1231
RAH 2010 0 0101 0110
RAH 2010 0 0601 0830
RAH 2010 0 0928 1025
RAH 2010 0 1201 1231
RAH 2009 5 0112 0322
RAH 2009 5 1026 1129
RAH 2010 5 0112 0322
RAH 2010 5 1026 1129
REM 
RAG 038 "KVLAPPLAND/OFF-PEAK/PEAK ruska"
RAH 2009 0 0622 0823
RAH 2010 0 0628 0822
RAH 2011 0 0627 0821
RAH 2012 0 0625 0812
RAH 2013 0 0624 0810
RAH 2009 1 0308 0426
RAH 2010 1 0308 0415
RAH 2011 1 0307 0422
RAH 2012 1 0305 0422
RAH 2013 1 0310 0421
RAH 2009 2 0830 0927
RAH 2010 2 0829 0926
RAH 2011 2 0828 0925
RAH 2012 2 0830 0930
RAH 2013 2 0829 1006
RAH 2009 3 0504 0618
RAH 2009 3 0928 1109
RAH 2010 3 0503 0616
RAH 2010 3 0927 1107
RAH 2011 3 0502 0622
RAH 2011 3 0926 1106
RAH 2012 3 0430 0621
RAH 2012 3 1001 1104
RAH 2013 3 0429 0619
RAH 2013 3 0930 1103
REM 
RAG 039 "TT DUS"
RAH 2009 0 0901 1130
RAH 2010 0 0901 1130
RAH 2011 0 0905 1202
RAH 2012 0 0903 1202
RAH 2009 1 1201 1218
RAH 2010 1 0301 0625
RAH 2011 1 0228 0420
RAH 2011 1 0426 0601
RAH 2011 1 0606 0622
RAH 2012 1 0227 0404
RAH 2012 1 0410 0427
RAH 2012 1 0502 0516
RAH 2012 1 0521 0620
RAH 2009 2 0907 1220
RAH 2010 2 0111 0227
RAH 2010 2 1207 1220
RAH 2011 2 0110 0227
RAH 2011 2 1207 1221
RAH 2012 2 0109 0226
RAH 2010 3 0720 0830
RAH 2011 3 0725 0911
REM 
RAG 040 "ME Par uusin"
RAH 2009 0 0401 0503
RAH 2010 0 0301 0502
RAH 2011 0 0301 0501
RAH 2012 0 0301 0501
RAH 2009 1 0504 0705
RAH 2010 1 0503 0704
RAH 2011 1 0502 0703
RAH 2012 1 0502 0701
RAH 2009 2 0706 0828
RAH 2009 2 1220 1231
RAH 2010 2 0705 0829
RAH 2010 2 0101 0110
RAH 2010 2 1219 1231
RAH 2011 2 0704 0830
RAH 2011 2 0101 0109
RAH 2011 2 1218 1231
RAH 2012 2 0702 0831
RAH 2012 2 0101 0108
RAH 2012 2 1216 1231
RAH 2009 3 0829 1018
RAH 2010 3 0830 1019
RAH 2011 3 0831 1020
RAH 2012 3 0901 1021
RAH 2009 4 1019 1219
RAH 2010 4 1020 1218
RAH 2011 4 1021 1217
RAH 2012 4 1022 1215
RAH 2010 5 0111 0228
RAH 2011 5 0110 0228
RAH 2012 5 0109 0229
REM 
RAG 041 "MN HKG"
RAH 2009 0 0601 1031
RAH 2010 0 0601 1031
RAH 2011 0 0601 1031
RAH 2012 0 0601 1031
RAH 2009 1 1101 1231
RAH 2009 1 0101 0131
RAH 2010 1 1101 1231
RAH 2010 1 0101 0131
RAH 2011 1 1101 1231
RAH 2011 1 0101 0131
RAH 2012 1 1101 1231
RAH 2012 1 0101 0131
RAH 2009 5 0201 0531
RAH 2010 5 0201 0531
RAH 2011 5 0201 0531
RAH 2012 5 0201 0531
REM 
RAG 042 "MM VCE off peak"
RAH 2008 5 0728 0831
RAH 2009 5 0801 1005
RAH 2010 5 0801 1015
REM 
RAG 043 "MM BLANK VCE off peak"
RAH 2008 5 0728 0831
RAH 2009 5 0801 1005
RAH 2010 5 0801 1015
REM 
RAG 044 "AT KIX PEAK/OFF-PEAK"
RAH 2008 0 0602 0928
RAH 2008 0 0426 0505
RAH 2009 0 0601 0927
RAH 2009 0 0424 0505
RAH 2010 0 0531 0926
RAH 2010 0 0423 0505
RAH 2011 0 0530 0925
RAH 2011 0 0422 0505
RAH 2008 1 0101 0113
RAH 2008 1 0929 1231
RAH 2009 1 0101 0107
RAH 2009 1 0928 1231
RAH 2010 1 0101 0107
RAH 2010 1 0927 1231
RAH 2011 1 0101 0107
RAH 2011 1 0926 1231
RAH 2008 5 0114 0302
RAH 2009 5 0108 0301
RAH 2010 5 0108 0228
RAH 2011 5 0108 0227
REM 
RAG 045 "KVLAPPLAND/OFF-PEAK/PEAK"
RAH 2009 0 0622 0823
RAH 2010 0 0628 0822
RAH 2011 0 0627 0821
RAH 2012 0 0625 0819
RAH 2013 0 0624 0818
RAH 2009 1 0308 0426
RAH 2010 1 0308 0415
RAH 2011 1 0307 0424
RAH 2012 1 0305 0422
RAH 2013 1 0304 0421
RAH 2009 2 1115 1122
RAH 2010 2 0416 0425
RAH 2010 2 1130 1212
REM 
RAG 046 "AT NGO PEAK/OFF-PEAK"
RAH 2008 0 0728 0928
RAH 2008 0 0426 0505
RAH 2009 0 0727 0927
RAH 2009 0 0424 0505
RAH 2010 0 0726 0926
RAH 2010 0 0423 0505
RAH 2011 0 0725 0925
RAH 2011 0 0422 0504
RAH 2008 1 0101 0113
RAH 2008 1 0929 1231
RAH 2009 1 0101 0111
RAH 2009 1 0928 1231
RAH 2010 1 0101 0111
RAH 2010 1 0927 1231
RAH 2011 1 0101 0111
RAH 2011 1 0926 1231
RAH 2008 2 0602 0727
RAH 2009 2 0601 0726
RAH 2010 2 0531 0725
RAH 2011 2 0530 0724
RAH 2008 4 0331 0426
RAH 2008 4 0506 0601
RAH 2009 4 0330 0425
RAH 2009 4 0506 0531
RAH 2010 4 0329 0424
RAH 2010 4 0506 0530
RAH 2011 4 0328 0421
RAH 2011 4 0506 0529
RAH 2008 5 0114 0330
RAH 2009 5 0112 0329
RAH 2010 5 0112 0328
RAH 2011 5 0112 0327
REM 
RAG 047 "ME Man uusin"
RAH 2009 0 0401 0503
RAH 2010 0 0301 0502
RAH 2011 0 0301 0501
RAH 2012 0 0301 0501
RAH 2009 1 0504 0705
RAH 2010 1 0503 0704
RAH 2011 1 0502 0703
RAH 2012 1 0502 0701
RAH 2009 2 0706 0816
RAH 2009 2 1220 1231
RAH 2010 2 0705 0815
RAH 2010 2 0101 0110
RAH 2010 2 1219 1231
RAH 2011 2 0704 0814
RAH 2011 2 0101 0109
RAH 2011 2 1218 1231
RAH 2012 2 0702 0812
RAH 2012 2 0101 0108
RAH 2012 2 1216 1231
RAH 2009 3 0817 1002
RAH 2010 3 0816 1001
RAH 2011 3 0815 0930
RAH 2012 3 0813 0930
RAH 2009 4 1003 1219
RAH 2010 4 1002 1218
RAH 2011 4 1001 1217
RAH 2012 4 1001 1215
RAH 2010 5 0111 0228
RAH 2011 5 0110 0228
RAH 2012 5 0109 0229
REM 
RAG 048 "JJ BMA"
RAH 2010 0 0816 1231
RAH 2011 0 0101 1231
RAH 2012 0 0101 1231
REM 
RAG 049 "AK tku "
RAH 2008 0 0101 0106
RAH 2008 0 0321 0324
RAH 2008 0 0501 0504
RAH 2008 0 1222 1231
RAH 2008 0 0619 0810
RAH 2009 0 0101 0106
RAH 2009 0 0410 0413
RAH 2009 0 0501 0502
RAH 2009 0 0521 0523
RAH 2009 0 0619 0816
RAH 2009 0 1222 1231
RAH 2009 0 0214 0222
RAH 2010 0 0101 0110
RAH 2010 0 0219 0328
RAH 2010 0 0331 0405
RAH 2010 0 0512 0516
RAH 2010 0 0624 0815
RAH 2010 0 1204 1206
RAH 2010 0 1222 1231
RAH 2011 0 0101 0109
RAH 2011 0 0219 0227
RAH 2011 0 0421 0425
RAH 2011 0 0623 0814
RAH 2011 0 1203 1206
RAH 2011 0 1223 1231
RAH 2011 0 0601 0605
REM 
RAG 050 "MM barcelona"
RAH 2009 0 0601 0802
RAH 2010 0 0531 0801
RAH 2011 0 0531 0731
RAH 2009 1 0803 1101
RAH 2010 1 0802 1031
RAH 2011 1 0801 1031
RAH 2009 2 0302 0531
RAH 2010 2 0301 0530
RAH 2011 2 0301 0530
RAH 2009 3 0101 0301
RAH 2009 3 1102 1230
RAH 2010 3 0101 0228
RAH 2010 3 1101 1231
RAH 2011 3 0101 0228
RAH 2011 3 1101 1231
REM 
RAG 051 "AK jyv vaa tmp"
RAH 2008 0 0101 0106
RAH 2008 0 0317 0330
RAH 2008 0 0430 0504
RAH 2008 0 0620 0810
RAH 2008 0 1222 1231
RAH 2008 0 0215 0302
RAH 2009 0 0101 0111
RAH 2009 0 0409 0414
RAH 2009 0 0430 0503
RAH 2009 0 0521 0524
RAH 2009 0 0619 0816
RAH 2009 0 1221 1231
RAH 2009 0 0213 0301
RAH 2010 0 0101 0110
RAH 2010 0 0331 0405
RAH 2010 0 0512 0516
RAH 2010 0 0624 0815
RAH 2010 0 0219 0307
RAH 2010 0 1204 1206
RAH 2010 0 1222 1231
RAH 2011 0 0101 1009
RAH 2011 0 0421 0425
RAH 2011 0 0602 0605
RAH 2011 0 0623 0814
RAH 2011 0 1203 1206
RAH 2011 0 1222 1221
RAH 2011 0 0218 0306
REM 
RAG 052 "TA SVO"
RAH 2009 0 0101 0111
RAH 2009 0 0518 0705
RAH 2009 0 0727 1011
RAH 2009 0 1030 1110
RAH 2009 0 1227 1231
RAH 2010 0 0101 0110
RAH 2010 0 0517 0704
RAH 2010 0 0726 1010
RAH 2010 0 1029 1109
RAH 2010 0 1227 1231
RAH 2011 0 0101 0109
RAH 2011 0 0516 0703
RAH 2011 0 0725 1009
RAH 2011 0 1028 1108
RAH 2011 0 1227 1231
RAH 2009 1 0427 0503
RAH 2009 1 0706 0726
RAH 2009 1 1109 1115
RAH 2010 1 0111 0117
RAH 2010 1 0426 0502
RAH 2010 1 0705 0725
RAH 2010 1 1110 1114
RAH 2011 1 1110 0116
RAH 2011 1 0425 0501
RAH 2011 1 0704 0724
RAH 2011 1 1107 1113
REM 
RAG 053 "TT HAM  CHANGED 27JAN11"
RAH 2009 0 0901 1201
RAH 2010 0 0901 1203
RAH 2010 0 0601 0622
RAH 2011 0 0530 0622
RAH 2011 0 0829 1202
RAH 2012 0 0528 0620
RAH 2012 0 0903 1202
RAH 2010 1 0301 0331
RAH 2010 1 0406 0512
RAH 2011 1 0228 0420
RAH 2011 1 0426 0529
RAH 2012 1 0227 0404
RAH 2012 1 0410 0427
RAH 2012 1 0502 0516
RAH 2012 1 0521 0527
RAH 2010 2 0111 0228
RAH 2011 2 0110 0227
RAH 2012 2 0109 0226
REM 
RAG 054 "TA LED"
RAH 2009 0 0518 0712
RAH 2009 0 0803 0920
RAH 2009 0 1227 1231
RAH 2010 0 0101 0103
RAH 2010 0 0517 0711
RAH 2010 0 0802 0919
RAH 2010 0 1227 1231
RAH 2011 0 0101 0103
RAH 2011 0 0516 0710
RAH 2011 0 0801 0918
RAH 2011 0 1227 1231
RAH 2009 1 0511 0517
RAH 2009 1 0713 0719
RAH 2009 1 0921 1004
RAH 2009 1 1030 1115
RAH 2010 1 0104 0114
RAH 2010 1 0510 0516
RAH 2010 1 0712 0718
RAH 2010 1 0920 1003
RAH 2010 1 1029 1114
RAH 2011 1 0104 0113
RAH 2011 1 0509 0515
RAH 2011 1 0711 0717
RAH 2011 1 0919 1002
RAH 2011 1 1028 1113
RAH 2009 2 0720 0802
RAH 2009 2 1005 1011
RAH 2010 2 0315 0328
RAH 2010 2 0719 0801
RAH 2010 2 1004 1010
RAH 2011 2 0314 0327
RAH 2011 2 0718 0731
RAH 2011 2 1003 1009
RAH 2009 5 0427 0510
RAH 2009 5 1012 1029
RAH 2009 5 1116 1129
RAH 2010 5 0118 0124
RAH 2010 5 0426 0509
RAH 2010 5 1011 1028
RAH 2010 5 1115 1128
RAH 2011 5 0117 0123
RAH 2011 5 0425 0508
RAH 2011 5 1010 1027
RAH 2011 5 1114 1127
REM 
RAG 055 "TV LJU"
RAH 2009 0 0618 0823
RAH 2010 0 0618 0822
RAH 2011 0 0617 0821
RAH 2012 0 0615 0819
RAH 2013 0 0614 0818
RAH 2009 1 0112 0212
RAH 2009 1 0223 0402
RAH 2009 1 0414 0429
RAH 2009 1 0504 0519
RAH 2009 1 0525 0617
RAH 2009 1 0824 1217
RAH 2010 1 0111 0218
RAH 2010 1 0301 0326
RAH 2010 1 0407 0428
RAH 2010 1 0504 0511
RAH 2010 1 0518 0617
RAH 2010 1 0823 1201
RAH 2010 1 1208 1215
RAH 2011 1 0110 0217
RAH 2011 1 0228 0325
RAH 2011 1 0406 0427
RAH 2011 1 0503 0510
RAH 2011 1 0517 0616
RAH 2011 1 0822 1130
RAH 2011 1 1208 1214
RAH 2012 1 0109 0216
RAH 2012 1 0227 0329
RAH 2012 1 0411 0426
RAH 2012 1 0503 0515
RAH 2012 1 0522 0615
RAH 2012 1 0820 1204
RAH 2012 1 1211 1212
RAH 2013 1 0107 0114
RAH 2013 1 0225 0321
RAH 2013 1 0403 0507
RAH 2013 1 0514 0614
RAH 2013 1 0819 1204
RAH 2013 1 1210 1219
RAH 2009 2 0101 0111
RAH 2009 2 0213 0222
RAH 2009 2 0403 0413
RAH 2009 2 0430 0503
RAH 2009 2 0520 0524
RAH 2009 2 1218 1231
RAH 2010 2 0101 0110
RAH 2010 2 0219 0228
RAH 2010 2 0327 0406
RAH 2010 2 0429 0503
RAH 2010 2 0512 0517
RAH 2010 2 1202 1207
RAH 2010 2 1216 1231
RAH 2011 2 0101 0109
RAH 2011 2 0218 0227
RAH 2011 2 0326 0405
RAH 2011 2 0428 0502
RAH 2011 2 0511 0516
RAH 2011 2 1201 1207
RAH 2011 2 1215 1230
RAH 2012 2 0101 0108
RAH 2012 2 0217 0226
RAH 2012 2 0330 0410
RAH 2012 2 0427 0502
RAH 2012 2 0516 0521
RAH 2012 2 1205 1210
RAH 2012 2 1213 1231
RAH 2013 2 0101 0106
RAH 2013 2 0215 0224
RAH 2013 2 0322 0402
RAH 2013 2 0508 0513
RAH 2013 2 1205 1209
RAH 2013 2 1219 1231
REM 
RAG 056 "ML HELJFK"
RAH 2008 0 0101 0113
RAH 2008 0 0630 0904
RAH 2008 0 1222 1228
RAH 2009 0 0101 0111
RAH 2009 0 0629 0906
RAH 2009 0 1221 1227
RAH 2010 0 0101 0110
RAH 2010 0 0628 0905
RAH 2010 0 1220 1226
RAH 2011 0 0101 0109
RAH 2011 0 0627 0904
RAH 2011 0 1219 1227
RAH 2008 1 0211 0330
RAH 2008 1 0908 1116
RAH 2008 1 1208 1221
RAH 2008 1 1229 1231
RAH 2009 1 0209 0419
RAH 2009 1 0907 1115
RAH 2009 1 1207 1220
RAH 2009 1 1228 1231
RAH 2010 1 0215 0411
RAH 2010 1 0906 1114
RAH 2010 1 1206 1219
RAH 2010 1 1227 1231
RAH 2011 1 0214 0430
RAH 2011 1 0905 1113
RAH 2011 1 1205 1218
RAH 2011 1 1228 1231
RAH 2008 5 0128 0210
RAH 2008 5 0331 0420
RAH 2008 5 0428 0525
RAH 2009 5 0126 0208
RAH 2009 5 0427 0524
RAH 2010 5 0125 0207
RAH 2010 5 0412 0418
RAH 2010 5 0426 0523
RAH 2011 5 0124 0206
REM 
RAG 057 "ML JFKHEL"
RAH 2008 0 0101 0106
RAH 2008 0 0609 0720
RAH 2009 0 0101 0111
RAH 2009 0 0608 0719
RAH 2010 0 0101 0110
RAH 2010 0 0607 0718
RAH 2011 0 0101 0109
RAH 2011 0 0606 0717
RAH 2008 1 0107 0113
RAH 2008 1 0310 0330
RAH 2008 1 0721 0831
RAH 2008 1 1215 1231
RAH 2009 1 0330 0416
RAH 2009 1 0722 0830
RAH 2009 1 1214 1231
RAH 2010 1 0322 0411
RAH 2010 1 0719 0829
RAH 2010 1 1213 1231
RAH 2011 1 0415 0501
RAH 2011 1 0720 0828
RAH 2011 1 1212 1231
RAH 2008 5 0114 0224
RAH 2008 5 0915 0928
RAH 2009 5 0112 0222
RAH 2009 5 0914 0927
RAH 2010 5 0111 0228
RAH 2010 5 0913 0929
RAH 2011 5 0111 0227
RAH 2011 5 0912 0930
REM 
RAG 058 "ML HEL INDIA"
RAH 2008 0 0623 0810
RAH 2008 0 0915 1103
RAH 2008 0 1208 1231
RAH 2009 0 0622 0809
RAH 2009 0 0914 1101
RAH 2009 0 1207 1231
RAH 2010 0 0628 0808
RAH 2010 0 0913 1031
RAH 2010 0 1206 1231
RAH 2011 0 0627 0807
RAH 2011 0 0912 1031
RAH 2011 0 1205 1231
RAH 2008 5 0101 0120
RAH 2008 5 0317 0609
RAH 2009 5 0101 0118
RAH 2009 5 0330 0607
RAH 2010 5 0101 0124
RAH 2010 5 0329 0606
RAH 2011 5 0101 0123
RAH 2011 5 0328 0605
REM 
RAG 059 "ML INDIA HEL"
RAH 2008 0 0101 0113
RAH 2008 0 0728 0928
RAH 2008 0 1013 1214
RAH 2008 0 1229 1231
RAH 2009 0 0101 0111
RAH 2009 0 0727 0927
RAH 2009 0 1012 1213
RAH 2009 0 1228 1231
RAH 2010 0 0101 0110
RAH 2010 0 0726 0926
RAH 2010 0 1011 1212
RAH 2010 0 1227 1231
RAH 2011 0 0101 0109
RAH 2011 0 0725 0928
RAH 2011 0 1010 1211
RAH 2011 0 1227 1231
RAH 2008 5 0114 0203
RAH 2008 5 0501 0714
RAH 2009 5 0112 0201
RAH 2009 5 0504 0712
RAH 2010 5 0111 0131
RAH 2010 5 0503 0711
RAH 2011 5 0110 0131
RAH 2011 5 0502 0710
REM 
RAG 060 "KL SEL 42/D4 14JUN-03OCT"
RAH 2009 0 0101 1231
RAH 2010 0 0101 1231
RAH 2011 0 0614 1003
REM 
RAG 061 "KL Amsterdam"
RAH 2009 0 0414 0430
RAH 2009 0 0504 0520
RAH 2009 0 0525 0628
RAH 2009 0 0901 1218
RAH 2010 0 0111 0326
RAH 2010 0 0412 0512
RAH 2010 0 0517 0624
RAH 2010 0 0830 1203
RAH 2011 0 0110 0325
RAH 2011 0 0411 0511
RAH 2011 0 0516 0623
RAH 2011 0 0829 1202
RAH 2012 0 0109 0323
RAH 2012 0 0409 0509
RAH 2012 0 0514 0621
RAH 2012 0 0827 1130
RAH 2009 1 0619 0831
RAH 2009 1 1219 1231
RAH 2009 1 0501 0503
RAH 2009 1 0521 0524
RAH 2009 1 0329 0413
RAH 2010 1 0101 0110
RAH 2010 1 0327 0411
RAH 2010 1 0513 0516
RAH 2010 1 0525 0829
RAH 2011 1 0101 0109
RAH 2011 1 0326 0410
RAH 2011 1 0512 0515
RAH 2011 1 0624 0828
RAH 2012 1 0101 0108
RAH 2012 1 0324 0408
RAH 2012 1 0510 0513
RAH 2012 1 0622 0826
REM 
RAG 062 "ME LYS    TV CH/AT"
RAH 2009 0 0618 0823
RAH 2010 0 0618 0822
RAH 2011 0 0617 0821
RAH 2012 0 0615 0819
RAH 2013 0 0614 0818
RAH 2009 1 0112 0212
RAH 2009 1 0223 0402
RAH 2009 1 0414 0429
RAH 2009 1 0504 0519
RAH 2009 1 0525 0617
RAH 2009 1 0824 1217
RAH 2010 1 0111 0218
RAH 2010 1 0301 0326
RAH 2010 1 0407 0428
RAH 2010 1 0504 0511
RAH 2010 1 0518 0617
RAH 2010 1 0823 1201
RAH 2010 1 1208 1215
RAH 2011 1 0110 0217
RAH 2011 1 0228 0325
RAH 2011 1 0406 0427
RAH 2011 1 0503 0510
RAH 2011 1 0517 0616
RAH 2011 1 0822 1130
RAH 2011 1 1208 1214
RAH 2012 1 0109 0216
RAH 2012 1 0227 0329
RAH 2012 1 0411 0426
RAH 2012 1 0503 0515
RAH 2012 1 0522 0615
RAH 2012 1 0820 1204
RAH 2012 1 1211 1212
RAH 2013 1 0107 0114
RAH 2013 1 0225 0321
RAH 2013 1 0403 0507
RAH 2013 1 0514 0614
RAH 2013 1 0819 1204
RAH 2013 1 1210 1219
RAH 2009 2 0101 0111
RAH 2009 2 0213 0222
RAH 2009 2 0403 0413
RAH 2009 2 0430 0503
RAH 2009 2 0520 0524
RAH 2009 2 1218 1231
RAH 2010 2 0101 0110
RAH 2010 2 0219 0228
RAH 2010 2 0327 0406
RAH 2010 2 0429 0503
RAH 2010 2 0512 0517
RAH 2010 2 1202 1207
RAH 2010 2 1216 1231
RAH 2011 2 0101 0109
RAH 2011 2 0218 0227
RAH 2011 2 0326 0405
RAH 2011 2 0428 0502
RAH 2011 2 0511 0516
RAH 2011 2 1201 1207
RAH 2011 2 1215 1231
RAH 2012 2 0101 0108
RAH 2012 2 0217 0226
RAH 2012 2 0330 0410
RAH 2012 2 0427 0502
RAH 2012 2 0516 0521
RAH 2012 2 1205 1210
RAH 2012 2 1213 1231
RAH 2013 2 0101 0106
RAH 2013 2 0215 0224
RAH 2013 2 0322 0402
RAH 2013 2 0508 0513
RAH 2013 2 1205 1209
RAH 2013 2 1219 1231
REM 
RAG 063 "TT MUC "
RAH 2011 0 0228 0420
RAH 2011 0 0426 0601
RAH 2011 0 0606 0623
RAH 2011 0 0829 1202
RAH 2011 0 1202 1222
RAH 2012 0 0305 0404
RAH 2012 0 0410 0427
RAH 2012 0 0502 0516
RAH 2012 0 0521 0621
RAH 2010 1 0903 1219
RAH 2012 1 0903 1205
RAH 2012 1 1210 1221
RAH 2011 2 0110 0227
RAH 2012 2 0109 0304
RAH 2011 5 0421 0425
RAH 2011 5 0602 0605
RAH 2011 5 1203 1206
RAH 2012 5 0101 0108
RAH 2012 5 1222 1231
RAH 2012 5 0405 0409
RAH 2012 5 0428 0501
RAH 2012 5 0517 0520
RAH 2012 5 1206 1209
REM 
RAG 064 "TT STR done 19AUG11"
RAH 2011 0 0307 0420
RAH 2011 0 0426 0601
RAH 2011 0 0606 0623
RAH 2012 0 0305 0404
RAH 2012 0 0410 0427
RAH 2012 0 0502 0516
RAH 2012 0 0521 0621
RAH 2010 1 0906 1203
RAH 2010 1 1207 1223
RAH 2011 1 0905 1202
RAH 2011 1 1207 1223
RAH 2012 1 0903 1205
RAH 2012 1 1210 1221
RAH 2011 2 0110 0306
RAH 2012 2 0109 0304
RAH 2010 3 0801 0905
RAH 2010 3 1224 1231
RAH 2011 3 0101 0109
RAH 2011 3 0624 0904
RAH 2011 3 1224 1231
RAH 2012 3 0101 0108
RAH 2012 3 0622 0902
RAH 2012 3 1222 1231
REM 
RAG 065 "TT FRA alk 27JAN11"
RAH 2010 0 0901 1130
RAH 2011 0 0110 0420
RAH 2011 0 0426 0601
RAH 2011 0 0606 0622
RAH 2011 0 0905 1202
RAH 2011 0 1207 1222
RAH 2012 0 0109 0404
RAH 2012 0 0410 0427
RAH 2012 0 0502 0516
RAH 2012 0 0521 0620
RAH 2012 0 0903 1205
RAH 2012 0 1210 1220
RAH 2010 1 0620 0831
RAH 2011 1 0623 0904
RAH 2012 1 0621 0902
