FORMATVERSION 1.0
REM 
REM Record extraction utility: User work team
REM Thursday, 06 Oct 2011, 11:34 am
REM 
REM <UWG> <WorkTeamId> <WorkTeamName>
REM 
UWG 001 "Trash"
UWG 002 "Finland Ivalo/Kittil‰"
UWG 003 "Germany Frankfurt"
UWG 004 "Portugal"
UWG 005 "Korea"
UWG 006 "Netherlands"
UWG 007 "France Paris"
UWG 008 "Austria"
UWG 009 "Switzerland"
UWG 010 "Hungary"
UWG 011 "Russia"
UWG 012 "Czech Rep."
UWG 013 "Estonia"
UWG 014 "Poland"
UWG 015 "Italy MIL"
UWG 016 "Spain BCN"
UWG 017 "Japan"
UWG 018 "China"
UWG 019 "Thailand"
UWG 020 "United Kingdom"
UWG 021 "Canada"
UWG 022 "USA"
UWG 023 "Finland Lappi 8000 sarja"
UWG 024 "Finland Oulu"
UWG 025 "Belgium"
UWG 026 "Norway"
UWG 027 "Sweden GOT"
UWG 028 "Denmark"
UWG 029 "Latvia"
UWG 030 "Lithuania"
UWG 031 "Finland Kuopio"
UWG 032 "Finland Kuusamo/Kajaani"
UWG 033 "Finland Rovaniemi"
UWG 034 "Germany Dusseldorf"
UWG 035 "Finland Transfer"
UWG 036 "Greece"
UWG 037 "Germany Berlin"
UWG 038 "India"
UWG 039 "Ukraine"
UWG 040 "Slovenia"
UWG 041 "Romania"
UWG 042 "Germany Hamburg"
UWG 043 "Germany Stuttgart"
UWG 044 "Germany Munich"
UWG 045 "Hong Kong"
UWG 046 "Finland Joensuu"
UWG 047 "Finland Vaasa"
UWG 048 "Spain MAD"
UWG 049 "Finland Jyv‰skyl‰"
UWG 050 "UAE"
UWG 051 "Malta"
UWG 052 "Lomalennot"
UWG 053 "Singapore"
UWG 054 "France Nice"
UWG 055 "Sweden ARN"
UWG 056 "Sweden BMA"
UWG 057 "Spain AGP "
UWG 058 "Italy ROM"
UWG 059 "Italy VCE"
UWG 060 "Italy PSA/FLR"
UWG 061 "France Lyon"
